[11:25:47:313] [INFO] - org.hibernate.validator.internal.util.Version.<clinit>(Version.java:21) - HV000001: Hibernate Validator 6.2.0.Final
[11:25:47:362] [INFO] - org.springframework.boot.StartupInfoLogger.logStarting(StartupInfoLogger.java:55) - Starting SaTokenLearnApplication using Java 1.8.0_202 on LAPTOP-UCETVQNL with PID 23928 (D:\ideaProjects\sa-token-test\target\classes started by hankun in D:\ideaProjects\sa-token-test)
[11:25:47:382] [INFO] - org.springframework.boot.SpringApplication.logStartupProfileInfo(SpringApplication.java:667) - The following profiles are active: dev
[11:25:48:425] [INFO] - org.springframework.data.repository.config.RepositoryConfigurationDelegate.multipleStoresDetected(RepositoryConfigurationDelegate.java:262) - Multiple Spring Data modules found, entering strict repository configuration mode!
[11:25:48:427] [INFO] - org.springframework.data.repository.config.RepositoryConfigurationDelegate.registerRepositoriesIn(RepositoryConfigurationDelegate.java:132) - Bootstrapping Spring Data Redis repositories in DEFAULT mode.
[11:25:48:454] [INFO] - org.springframework.data.repository.config.RepositoryConfigurationDelegate.registerRepositoriesIn(RepositoryConfigurationDelegate.java:201) - Finished Spring Data repository scanning in 13 ms. Found 0 Redis repository interfaces.
[11:25:48:916] [INFO] - org.springframework.context.support.PostProcessorRegistrationDelegate$BeanPostProcessorChecker.postProcessAfterInitialization(PostProcessorRegistrationDelegate.java:376) - Bean 'spring.datasource.dynamic-com.baomidou.dynamic.datasource.spring.boot.autoconfigure.DynamicDataSourceProperties' of type [com.baomidou.dynamic.datasource.spring.boot.autoconfigure.DynamicDataSourceProperties] is not eligible for getting processed by all BeanPostProcessors (for example: not eligible for auto-proxying)
[11:25:48:919] [INFO] - org.springframework.context.support.PostProcessorRegistrationDelegate$BeanPostProcessorChecker.postProcessAfterInitialization(PostProcessorRegistrationDelegate.java:376) - Bean 'com.baomidou.dynamic.datasource.spring.boot.autoconfigure.DynamicDataSourceAutoConfiguration' of type [com.baomidou.dynamic.datasource.spring.boot.autoconfigure.DynamicDataSourceAutoConfiguration$$EnhancerBySpringCGLIB$$db07b8f4] is not eligible for getting processed by all BeanPostProcessors (for example: not eligible for auto-proxying)
[11:25:48:928] [INFO] - org.springframework.context.support.PostProcessorRegistrationDelegate$BeanPostProcessorChecker.postProcessAfterInitialization(PostProcessorRegistrationDelegate.java:376) - Bean 'dsProcessor' of type [com.baomidou.dynamic.datasource.processor.DsHeaderProcessor] is not eligible for getting processed by all BeanPostProcessors (for example: not eligible for auto-proxying)
[11:25:48:935] [INFO] - org.springframework.context.support.PostProcessorRegistrationDelegate$BeanPostProcessorChecker.postProcessAfterInitialization(PostProcessorRegistrationDelegate.java:376) - Bean 'dynamicDatasourceAnnotationAdvisor' of type [com.baomidou.dynamic.datasource.aop.DynamicDataSourceAnnotationAdvisor] is not eligible for getting processed by all BeanPostProcessors (for example: not eligible for auto-proxying)
[11:25:49:149] [INFO] - org.springframework.boot.web.embedded.tomcat.TomcatWebServer.initialize(TomcatWebServer.java:108) - Tomcat initialized with port(s): 8777 (http)
[11:25:49:158] [INFO] - org.apache.juli.logging.DirectJDKLog.log(DirectJDKLog.java:173) - Initializing ProtocolHandler ["http-nio-8777"]
[11:25:49:158] [INFO] - org.apache.juli.logging.DirectJDKLog.log(DirectJDKLog.java:173) - Starting service [Tomcat]
[11:25:49:159] [INFO] - org.apache.juli.logging.DirectJDKLog.log(DirectJDKLog.java:173) - Starting Servlet engine: [Apache Tomcat/9.0.46]
[11:25:49:266] [INFO] - org.apache.juli.logging.DirectJDKLog.log(DirectJDKLog.java:173) - Initializing Spring embedded WebApplicationContext
[11:25:49:266] [INFO] - org.springframework.boot.web.servlet.context.ServletWebServerApplicationContext.prepareWebApplicationContext(ServletWebServerApplicationContext.java:290) - Root WebApplicationContext: initialization completed in 1734 ms
[11:25:49:622] [INFO] - com.baomidou.dynamic.datasource.DynamicRoutingDataSource.setP6spy(DynamicRoutingDataSource.java:172) - dynamic-datasource detect P6SPY plugin and enabled it
[11:25:49:780] [INFO] - com.alibaba.druid.pool.DruidDataSource.init(DruidDataSource.java:930) - {dataSource-1,master} inited
[11:25:49:782] [INFO] - com.baomidou.dynamic.datasource.DynamicRoutingDataSource.addDataSource(DynamicRoutingDataSource.java:144) - dynamic-datasource - load a datasource named [master] success
[11:25:49:782] [INFO] - com.baomidou.dynamic.datasource.DynamicRoutingDataSource.afterPropertiesSet(DynamicRoutingDataSource.java:216) - dynamic-datasource initial loaded [1] datasource,primary datasource named [master]
[11:25:51:704] [INFO] - springfox.documentation.spring.web.WebMvcPropertySourcedRequestMappingHandlerMapping.initHandlerMethods(WebMvcPropertySourcedRequestMappingHandlerMapping.java:69) - Mapped URL path [/v2/api-docs] onto method [springfox.documentation.swagger2.web.Swagger2ControllerWebMvc#getDocumentation(String, HttpServletRequest)]
[11:25:52:427] [INFO] - org.apache.juli.logging.DirectJDKLog.log(DirectJDKLog.java:173) - Starting ProtocolHandler ["http-nio-8777"]
[11:25:52:446] [INFO] - org.springframework.boot.web.embedded.tomcat.TomcatWebServer.start(TomcatWebServer.java:220) - Tomcat started on port(s): 8777 (http) with context path ''
[11:25:52:448] [INFO] - springfox.documentation.spring.web.plugins.DocumentationPluginsBootstrapper.start(DocumentationPluginsBootstrapper.java:93) - Documentation plugins bootstrapped
[11:25:52:450] [INFO] - springfox.documentation.spring.web.plugins.AbstractDocumentationPluginsBootstrapper.bootstrapDocumentationPlugins(AbstractDocumentationPluginsBootstrapper.java:79) - Found 1 custom documentation plugin(s)
[11:25:52:467] [INFO] - springfox.documentation.spring.web.scanners.ApiListingReferenceScanner.scan(ApiListingReferenceScanner.java:44) - Scanning for api listing references
[11:25:52:731] [INFO] - org.springframework.boot.StartupInfoLogger.logStarted(StartupInfoLogger.java:61) - Started SaTokenLearnApplication in 6.502 seconds (JVM running for 9.885)
[11:25:52:732] [INFO] - org.springframework.boot.availability.ApplicationAvailabilityBean.logStateChange(ApplicationAvailabilityBean.java:75) - Application availability state LivenessState changed to CORRECT
[11:25:52:734] [INFO] - org.springframework.boot.availability.ApplicationAvailabilityBean.logStateChange(ApplicationAvailabilityBean.java:75) - Application availability state ReadinessState changed to ACCEPTING_TRAFFIC
